\BOOKMARK [1][-]{section.1}{\376\377\0001\000\040\000B\000r\000i\000e\000f\000\040\000N\000o\000t\000e\000\040\000o\000n\000\040\000A\000l\000g\000e\000b\000r\000a\000\040\000w\000i\000t\000h\000\040\000C\000a\000t\000e\000g\000o\000r\000y\000\040\000T\000h\000e\000o\000r\000y}{}% 1
\BOOKMARK [2][-]{subsection.1.1}{\376\377\0001\000.\0001\000\040\000I\000n\000i\000t\000i\000a\000l\000\040\000D\000e\000f\000i\000n\000i\000t\000i\000o\000n\000s\000\040\000f\000o\000r\000\040\000G\000r\000o\000u\000p\000s}{section.1}% 2
\BOOKMARK [2][-]{subsection.1.2}{\376\377\0001\000.\0002\000\040\000G\000r\000o\000u\000p\000s\000\040\000a\000n\000d\000\040\000C\000a\000t\000e\000g\000o\000r\000y\000\040\000T\000h\000e\000o\000r\000y}{section.1}% 3
\BOOKMARK [2][-]{subsection.1.3}{\376\377\0001\000.\0003\000\040\000R\000i\000n\000g\000s\000\040\000a\000n\000d\000\040\000M\000o\000d\000u\000l\000e\000s}{section.1}% 4
\BOOKMARK [1][-]{section.2}{\376\377\0002\000\040\000T\000e\000n\000s\000o\000r\000s\000\040\000a\000n\000d\000\040\000V\000e\000c\000t\000o\000r\000s}{}% 5
\BOOKMARK [1][-]{section.3}{\376\377\0003\000\040\000O\000n\000\040\000H\000o\000w\000\040\000t\000o\000\040\000C\000o\000n\000s\000t\000r\000u\000c\000t\000\040\000D\000i\000f\000f\000e\000r\000e\000n\000t\000\040\000A\000l\000g\000e\000b\000r\000a\000s}{}% 6
\BOOKMARK [1][-]{section.4}{\376\377\0004\000\040\000Q\000u\000a\000d\000r\000a\000t\000i\000c\000\040\000F\000o\000r\000m\000s}{}% 7
\BOOKMARK [1][-]{section.5}{\376\377\0005\000\040\000F\000i\000r\000s\000t\000\040\000C\000o\000n\000c\000e\000p\000t\000s\000\040\000i\000n\000\040\000G\000e\000o\000m\000e\000t\000r\000i\000c\000\040\000A\000l\000g\000e\000b\000r\000a}{}% 8
\BOOKMARK [2][-]{subsection.5.1}{\376\377\0005\000.\0001\000\040\000O\000u\000t\000e\000r\000\040\000\050\000E\000x\000t\000e\000r\000i\000o\000r\000\051\000\040\000P\000r\000o\000d\000u\000c\000t}{section.5}% 9
\BOOKMARK [2][-]{subsection.5.2}{\376\377\0005\000.\0002\000\040\000G\000e\000o\000m\000e\000t\000r\000i\000c\000\040\000P\000r\000o\000d\000u\000c\000t}{section.5}% 10
\BOOKMARK [2][-]{subsection.5.3}{\376\377\0005\000.\0003\000\040\000M\000o\000r\000e\000\040\000O\000p\000e\000r\000a\000t\000o\000r\000s\000\040\000o\000n\000\040\000M\000u\000l\000t\000i\000v\000e\000c\000t\000o\000r\000s}{section.5}% 11
\BOOKMARK [2][-]{subsection.5.4}{\376\377\0005\000.\0004\000\040\000I\000n\000v\000e\000r\000t\000i\000n\000g\000\040\000M\000u\000l\000t\000i\000v\000e\000c\000t\000o\000r\000s}{section.5}% 12
\BOOKMARK [2][-]{subsection.5.5}{\376\377\0005\000.\0005\000\040\000C\000l\000i\000f\000f\000o\000r\000d\000\040\000A\000l\000g\000e\000b\000r\000a\000\040\000v\000e\000r\000s\000u\000s\000\040\000G\000e\000o\000m\000e\000t\000r\000i\000c\000\040\000A\000l\000g\000e\000b\000r\000a}{section.5}% 13
\BOOKMARK [1][-]{section.6}{\376\377\0006\000\040\000T\000r\000a\000n\000s\000f\000o\000r\000m\000a\000t\000i\000o\000n\000s\000\040\000a\000n\000d\000\040\000V\000e\000r\000s\000o\000r\000s}{}% 14
\BOOKMARK [2][-]{subsection.6.1}{\376\377\0006\000.\0001\000\040\000R\000e\000f\000l\000e\000c\000t\000i\000o\000n\000s}{section.6}% 15
\BOOKMARK [2][-]{subsection.6.2}{\376\377\0006\000.\0002\000\040\000R\000o\000t\000a\000t\000i\000o\000n\000s}{section.6}% 16
\BOOKMARK [2][-]{subsection.6.3}{\376\377\0006\000.\0003\000\040\000P\000r\000o\000j\000e\000c\000t\000i\000o\000n}{section.6}% 17
\BOOKMARK [2][-]{subsection.6.4}{\376\377\0006\000.\0004\000\040\000R\000o\000t\000o\000r\000s}{section.6}% 18
\BOOKMARK [2][-]{subsection.6.5}{\376\377\0006\000.\0005\000\040\000V\000e\000r\000s\000o\000r\000s}{section.6}% 19
\BOOKMARK [2][-]{subsection.6.6}{\376\377\0006\000.\0006\000\040\000B\000l\000a\000d\000e\000\040\000E\000x\000p\000o\000n\000e\000n\000t\000i\000a\000t\000i\000o\000n}{section.6}% 20
